<?xml version="1.0" encoding="UTF-8"?>
<testng-results ignored="0" total="0" passed="0" failed="0" skipped="0">
  <reporter-output>
  </reporter-output>
  <suite started-at="2020-08-04T16:48:55 GMT" name="com.mystore.testCases.TestManager" finished-at="2020-08-04T16:48:55 GMT" duration-ms="6">
    <groups>
    </groups>
    <test started-at="2020-08-04T16:48:55 GMT" name="Command line test" finished-at="2020-08-04T16:48:55 GMT" duration-ms="6">
    </test> <!-- Command line test -->
  </suite> <!-- com.mystore.testCases.TestManager -->
</testng-results>
